<?xml version="1.0" encoding="UTF-8"?>
<!-- Generated by org.testng.reporters.JUnitXMLReporter -->
<testsuite ignored="0" hostname="LAPTOP-RC3D59B9" failures="1" tests="1" name="Test" time="7.315" errors="0" timestamp="2023-11-06T11:57:28 IST">
  <testcase classname="script.DemoTest" name="testDemo" time="0.119">
    <failure type="java.lang.AssertionError" message="null">
      <![CDATA[java.lang.AssertionError: null
at script.DemoTest.testDemo(DemoTest.java:18)
at java.base/java.util.ArrayList.forEach(ArrayList.java:1511)
... Removed 27 stack frames]]>
    </failure>
  </testcase> <!-- testDemo -->
</testsuite> <!-- Test -->
